#
# A fatal error has been detected by the Java Runtime Environment:
#
#  SIGSEGV (0xb) at pc=0x0000000105759432, pid=3731, tid=17155
#
# JRE version: Java(TM) SE Runtime Environment (12.0.1+12) (build 12.0.1+12)
# Java VM: Java HotSpot(TM) 64-Bit Server VM (12.0.1+12, mixed mode, sharing, tiered, compressed oops, g1 gc, bsd-amd64)
# Problematic frame:
# C  [libjimage.dylib+0x2432]  ImageFileReader::find_location_index(char const*, unsigned long long*) const+0x2c
#
# No core dump will be written. Core dumps have been disabled. To enable core dumping, try "ulimit -c unlimited" before starting Java again
#
# If you would like to submit a bug report, please visit:
#   http://bugreport.java.com/bugreport/crash.jsp
#

---------------  S U M M A R Y ------------

Command Line: -agentlib:jdwp=transport=dt_socket,suspend=y,address=localhost:51076 -javaagent:/Applications/Eclipse.app/Contents/Eclipse/configuration/org.eclipse.osgi/403/0/.cp/lib/javaagent-shaded.jar -Dfile.encoding=UTF-8 com.skilldistillery.jet.JetsApplication

Host: MacBookPro11,4 x86_64 2500 MHz, 8 cores, 16G, Darwin 18.7.0
Time: Sat Jul 27 10:07:50 2019 MDT elapsed time: 7370 seconds (0d 2h 2m 50s)

---------------  T H R E A D  ---------------

Current thread (0x00007fa9cf006000):  JavaThread "Signal Dispatcher" daemon [_thread_in_vm, id=17155, stack(0x000070000e8ea000,0x000070000e9ea000)]

Stack: [0x000070000e8ea000,0x000070000e9ea000],  sp=0x000070000e9e82c0,  free space=1016k
Native frames: (J=compiled Java code, A=aot compiled Java code, j=interpreted, Vv=VM code, C=native code)
C  [libjimage.dylib+0x2432]  ImageFileReader::find_location_index(char const*, unsigned long long*) const+0x2c
C  [libjimage.dylib+0x2786]  JIMAGE_FindResource+0xcf
V  [libjvm.dylib+0x1e66cb]  ClassPathImageEntry::open_stream(char const*, Thread*)+0x45
