#
# A fatal error has been detected by the Java Runtime Environment:
#
#  SIGBUS (0xa) at pc=0x00007f9782f0a6b0, pid=3727, tid=15107
#
# JRE version: Java(TM) SE Runtime Environment (12.0.1+12) (build 12.0.1+12)
# Java VM: Java HotSpot(TM) 64-Bit Server VM (12.0.1+12, mixed mode, sharing, tiered, compressed oops, g1 gc, bsd-amd64)
# Problematic frame:
# C  0x00007f9782f0a6b0
#
# No core dump will be written. Core dumps have been disabled. To enable core dumping, try "ulimit -c unlimited" before starting Java again
#
# If you would like to submit a bug report, please visit:
#   http://bugreport.java.com/bugreport/crash.jsp
#

---------------  S U M M A R Y ------------

Command Line: -agentlib:jdwp=transport=dt_socket,suspend=y,address=localhost:51068 -javaagent:/Applications/Eclipse.app/Contents/Eclipse/configuration/org.eclipse.osgi/403/0/.cp/lib/javaagent-shaded.jar -Dfile.encoding=UTF-8 com.skilldistillery.jet.JetsApplication

Host: MacBookPro11,4 x86_64 2500 MHz, 8 cores, 16G, Darwin 18.7.0
Time: Sat Jul 27 10:07:48 2019 MDT elapsed time: 7386 seconds (0d 2h 3m 6s)

---------------  T H R E A D  ---------------

Current thread (0x00007f9786801000):  JavaThread "Signal Dispatcher" daemon [_thread_in_vm, id=15107, stack(0x0000700003663000,0x0000700003763000)]

Stack: [0x0000700003663000,0x0000700003763000],  sp=0x00007000037612b8,  free space=1016k
Native frames: (J=compiled Java code, A=aot compiled Java code, j=interpreted, Vv=VM code, C=native code)
C  0x00007f9782f0a6b0
C  [libjimage.dylib+0x2786]  JIMAGE_FindResource+0xcf
V  [libjvm.dylib+0x1e66cb]